-------------------------------------------------------------------------------
Test set: com.raj.test.ArithmeticServiceTest
-------------------------------------------------------------------------------
Tests run: 1, Failures: 0, Errors: 1, Skipped: 0, Time elapsed: 0.025 s <<< FAILURE! -- in com.raj.test.ArithmeticServiceTest
com.raj.test.ArithmeticServiceTest -- Time elapsed: 0.025 s <<< ERROR!
org.junit.platform.commons.JUnitException: @BeforeAll method 'public void com.raj.test.ArithmeticServiceTest.setupOnce()' must be static unless the test class is annotated with @TestInstance(Lifecycle.PER_CLASS).
	at java.base/java.util.ArrayList.forEach(ArrayList.java:1596)
	at java.base/java.util.Collections$UnmodifiableCollection.forEach(Collections.java:1116)
	at java.base/java.util.ArrayList.forEach(ArrayList.java:1596)

